WARNING - 2025-10-16 18:22:29 --> [DEPRECATED] strip_tags(): Passing null to parameter #1 ($string) of type string is deprecated in APPPATH\Controllers\VerificationController.php on line 37.
 1 APPPATH\Controllers\VerificationController.php(37): strip_tags(null)
 2 SYSTEMPATH\CodeIgniter.php(934): App\Controllers\VerificationController->index()
 3 SYSTEMPATH\CodeIgniter.php(499): CodeIgniter\CodeIgniter->runController(Object(App\Controllers\VerificationController))
 4 SYSTEMPATH\CodeIgniter.php(368): CodeIgniter\CodeIgniter->handleRequest(null, Object(Config\Cache), false)
 5 FCPATH\index.php(67): CodeIgniter\CodeIgniter->run()
 6 SYSTEMPATH\Commands\Server\rewrite.php(47): require_once('C:\\Users\\pythagoras\\Desktop\\htdocs\\marriage\\public\\index.php')
WARNING - 2025-10-16 18:22:29 --> [DEPRECATED] strip_tags(): Passing null to parameter #1 ($string) of type string is deprecated in APPPATH\Controllers\VerificationController.php on line 38.
 1 APPPATH\Controllers\VerificationController.php(38): strip_tags(null)
 2 SYSTEMPATH\CodeIgniter.php(934): App\Controllers\VerificationController->index()
 3 SYSTEMPATH\CodeIgniter.php(499): CodeIgniter\CodeIgniter->runController(Object(App\Controllers\VerificationController))
 4 SYSTEMPATH\CodeIgniter.php(368): CodeIgniter\CodeIgniter->handleRequest(null, Object(Config\Cache), false)
 5 FCPATH\index.php(67): CodeIgniter\CodeIgniter->run()
 6 SYSTEMPATH\Commands\Server\rewrite.php(47): require_once('C:\\Users\\pythagoras\\Desktop\\htdocs\\marriage\\public\\index.php')
WARNING - 2025-10-16 18:29:11 --> [DEPRECATED] strip_tags(): Passing null to parameter #1 ($string) of type string is deprecated in APPPATH\Controllers\VerificationController.php on line 37.
 1 APPPATH\Controllers\VerificationController.php(37): strip_tags(null)
 2 SYSTEMPATH\CodeIgniter.php(934): App\Controllers\VerificationController->index()
 3 SYSTEMPATH\CodeIgniter.php(499): CodeIgniter\CodeIgniter->runController(Object(App\Controllers\VerificationController))
 4 SYSTEMPATH\CodeIgniter.php(368): CodeIgniter\CodeIgniter->handleRequest(null, Object(Config\Cache), false)
 5 FCPATH\index.php(67): CodeIgniter\CodeIgniter->run()
 6 SYSTEMPATH\Commands\Server\rewrite.php(47): require_once('C:\\Users\\pythagoras\\Desktop\\htdocs\\marriage\\public\\index.php')
WARNING - 2025-10-16 18:29:11 --> [DEPRECATED] strip_tags(): Passing null to parameter #1 ($string) of type string is deprecated in APPPATH\Controllers\VerificationController.php on line 38.
 1 APPPATH\Controllers\VerificationController.php(38): strip_tags(null)
 2 SYSTEMPATH\CodeIgniter.php(934): App\Controllers\VerificationController->index()
 3 SYSTEMPATH\CodeIgniter.php(499): CodeIgniter\CodeIgniter->runController(Object(App\Controllers\VerificationController))
 4 SYSTEMPATH\CodeIgniter.php(368): CodeIgniter\CodeIgniter->handleRequest(null, Object(Config\Cache), false)
 5 FCPATH\index.php(67): CodeIgniter\CodeIgniter->run()
 6 SYSTEMPATH\Commands\Server\rewrite.php(47): require_once('C:\\Users\\pythagoras\\Desktop\\htdocs\\marriage\\public\\index.php')
WARNING - 2025-10-16 18:46:15 --> [DEPRECATED] strip_tags(): Passing null to parameter #1 ($string) of type string is deprecated in APPPATH\Controllers\VerificationController.php on line 37.
 1 APPPATH\Controllers\VerificationController.php(37): strip_tags(null)
 2 SYSTEMPATH\CodeIgniter.php(934): App\Controllers\VerificationController->index()
 3 SYSTEMPATH\CodeIgniter.php(499): CodeIgniter\CodeIgniter->runController(Object(App\Controllers\VerificationController))
 4 SYSTEMPATH\CodeIgniter.php(368): CodeIgniter\CodeIgniter->handleRequest(null, Object(Config\Cache), false)
 5 FCPATH\index.php(67): CodeIgniter\CodeIgniter->run()
 6 SYSTEMPATH\Commands\Server\rewrite.php(47): require_once('C:\\Users\\pythagoras\\Desktop\\htdocs\\marriage\\public\\index.php')
WARNING - 2025-10-16 18:46:15 --> [DEPRECATED] strip_tags(): Passing null to parameter #1 ($string) of type string is deprecated in APPPATH\Controllers\VerificationController.php on line 38.
 1 APPPATH\Controllers\VerificationController.php(38): strip_tags(null)
 2 SYSTEMPATH\CodeIgniter.php(934): App\Controllers\VerificationController->index()
 3 SYSTEMPATH\CodeIgniter.php(499): CodeIgniter\CodeIgniter->runController(Object(App\Controllers\VerificationController))
 4 SYSTEMPATH\CodeIgniter.php(368): CodeIgniter\CodeIgniter->handleRequest(null, Object(Config\Cache), false)
 5 FCPATH\index.php(67): CodeIgniter\CodeIgniter->run()
 6 SYSTEMPATH\Commands\Server\rewrite.php(47): require_once('C:\\Users\\pythagoras\\Desktop\\htdocs\\marriage\\public\\index.php')
WARNING - 2025-10-16 19:23:14 --> [DEPRECATED] strip_tags(): Passing null to parameter #1 ($string) of type string is deprecated in APPPATH\Controllers\VerificationController.php on line 37.
 1 APPPATH\Controllers\VerificationController.php(37): strip_tags(null)
 2 SYSTEMPATH\CodeIgniter.php(934): App\Controllers\VerificationController->index()
 3 SYSTEMPATH\CodeIgniter.php(499): CodeIgniter\CodeIgniter->runController(Object(App\Controllers\VerificationController))
 4 SYSTEMPATH\CodeIgniter.php(368): CodeIgniter\CodeIgniter->handleRequest(null, Object(Config\Cache), false)
 5 FCPATH\index.php(67): CodeIgniter\CodeIgniter->run()
 6 SYSTEMPATH\Commands\Server\rewrite.php(47): require_once('C:\\Users\\pythagoras\\Desktop\\htdocs\\marriage\\public\\index.php')
WARNING - 2025-10-16 19:23:14 --> [DEPRECATED] strip_tags(): Passing null to parameter #1 ($string) of type string is deprecated in APPPATH\Controllers\VerificationController.php on line 38.
 1 APPPATH\Controllers\VerificationController.php(38): strip_tags(null)
 2 SYSTEMPATH\CodeIgniter.php(934): App\Controllers\VerificationController->index()
 3 SYSTEMPATH\CodeIgniter.php(499): CodeIgniter\CodeIgniter->runController(Object(App\Controllers\VerificationController))
 4 SYSTEMPATH\CodeIgniter.php(368): CodeIgniter\CodeIgniter->handleRequest(null, Object(Config\Cache), false)
 5 FCPATH\index.php(67): CodeIgniter\CodeIgniter->run()
 6 SYSTEMPATH\Commands\Server\rewrite.php(47): require_once('C:\\Users\\pythagoras\\Desktop\\htdocs\\marriage\\public\\index.php')
CRITICAL - 2025-10-16 20:25:36 --> Invalid file: "public/show_info.php"
in SYSTEMPATH\Exceptions\FrameworkException.php on line 33.
 1 SYSTEMPATH\View\View.php(201): CodeIgniter\Exceptions\FrameworkException::forInvalidFile('public/show_info.php')
 2 SYSTEMPATH\Common.php(1184): CodeIgniter\View\View->render('public/show_info', [], true)
 3 APPPATH\Controllers\VerificationController.php(97): view('public/show_info', [...])
 4 SYSTEMPATH\CodeIgniter.php(934): App\Controllers\VerificationController->instrunction('selected_info')
 5 SYSTEMPATH\CodeIgniter.php(499): CodeIgniter\CodeIgniter->runController(Object(App\Controllers\VerificationController))
 6 SYSTEMPATH\CodeIgniter.php(368): CodeIgniter\CodeIgniter->handleRequest(null, Object(Config\Cache), false)
 7 FCPATH\index.php(67): CodeIgniter\CodeIgniter->run()
 8 SYSTEMPATH\Commands\Server\rewrite.php(47): require_once('C:\\Users\\pythagoras\\Desktop\\htdocs\\marriage\\public\\index.php')
CRITICAL - 2025-10-16 20:28:51 --> Undefined variable $file_to_include
in APPPATH\Views\public\show_info.php on line 17.
 1 APPPATH\Views\public\show_info.php(17): CodeIgniter\Debug\Exceptions->errorHandler(2, 'Undefined variable $file_to_include', 'C:\\Users\\pythagoras\\Desktop\\htdocs\\marriage\\app\\Views\\public\\show_info.php', 17)
 2 APPPATH\Views\public\show_info.php(17): include()
 3 SYSTEMPATH\View\View.php(213): include('C:\\Users\\pythagoras\\Desktop\\htdocs\\marriage\\app\\Views\\public\\show_info.php')
 4 SYSTEMPATH\View\View.php(216): CodeIgniter\View\View->CodeIgniter\View\{closure}()
 5 SYSTEMPATH\Common.php(1184): CodeIgniter\View\View->render('public/show_info', [], true)
 6 APPPATH\Controllers\VerificationController.php(97): view('public/show_info', [...])
 7 SYSTEMPATH\CodeIgniter.php(934): App\Controllers\VerificationController->instrunction('selected_info')
 8 SYSTEMPATH\CodeIgniter.php(499): CodeIgniter\CodeIgniter->runController(Object(App\Controllers\VerificationController))
 9 SYSTEMPATH\CodeIgniter.php(368): CodeIgniter\CodeIgniter->handleRequest(null, Object(Config\Cache), false)
10 FCPATH\index.php(67): CodeIgniter\CodeIgniter->run()
11 SYSTEMPATH\Commands\Server\rewrite.php(47): require_once('C:\\Users\\pythagoras\\Desktop\\htdocs\\marriage\\public\\index.php')
CRITICAL - 2025-10-16 20:45:07 --> syntax error, unexpected end of file
in APPPATH\Views\public\show_info.php on line 24.
 1 SYSTEMPATH\View\View.php(216): CodeIgniter\View\View->CodeIgniter\View\{closure}()
 2 SYSTEMPATH\Common.php(1184): CodeIgniter\View\View->render('public/show_info', [], true)
 3 APPPATH\Controllers\VerificationController.php(97): view('public/show_info', [...])
 4 SYSTEMPATH\CodeIgniter.php(934): App\Controllers\VerificationController->instrunction('selected_info')
 5 SYSTEMPATH\CodeIgniter.php(499): CodeIgniter\CodeIgniter->runController(Object(App\Controllers\VerificationController))
 6 SYSTEMPATH\CodeIgniter.php(368): CodeIgniter\CodeIgniter->handleRequest(null, Object(Config\Cache), false)
 7 FCPATH\index.php(67): CodeIgniter\CodeIgniter->run()
 8 SYSTEMPATH\Commands\Server\rewrite.php(47): require_once('C:\\Users\\pythagoras\\Desktop\\htdocs\\marriage\\public\\index.php')
CRITICAL - 2025-10-16 20:45:54 --> syntax error, unexpected end of file
in APPPATH\Views\public\show_info.php on line 24.
 1 SYSTEMPATH\View\View.php(216): CodeIgniter\View\View->CodeIgniter\View\{closure}()
 2 SYSTEMPATH\Common.php(1184): CodeIgniter\View\View->render('public/show_info', [], true)
 3 APPPATH\Controllers\VerificationController.php(97): view('public/show_info', [...])
 4 SYSTEMPATH\CodeIgniter.php(934): App\Controllers\VerificationController->instrunction('selected_info')
 5 SYSTEMPATH\CodeIgniter.php(499): CodeIgniter\CodeIgniter->runController(Object(App\Controllers\VerificationController))
 6 SYSTEMPATH\CodeIgniter.php(368): CodeIgniter\CodeIgniter->handleRequest(null, Object(Config\Cache), false)
 7 FCPATH\index.php(67): CodeIgniter\CodeIgniter->run()
 8 SYSTEMPATH\Commands\Server\rewrite.php(47): require_once('C:\\Users\\pythagoras\\Desktop\\htdocs\\marriage\\public\\index.php')
CRITICAL - 2025-10-16 21:22:07 --> Invalid file: "public/partials/not_available_info.php"
in SYSTEMPATH\Exceptions\FrameworkException.php on line 33.
 1 SYSTEMPATH\View\View.php(201): CodeIgniter\Exceptions\FrameworkException::forInvalidFile('public/partials/not_available_info.php')
 2 SYSTEMPATH\View\View.php(431): CodeIgniter\View\View->render('public/partials/not_available_info', null, true)
 3 APPPATH\Views\public\show_info.php(10): CodeIgniter\View\View->include('public/partials/not_available_info')
 4 SYSTEMPATH\View\View.php(213): include('C:\\Users\\pythagoras\\Desktop\\htdocs\\marriage\\app\\Views\\public\\show_info.php')
 5 SYSTEMPATH\View\View.php(216): CodeIgniter\View\View->CodeIgniter\View\{closure}()
 6 SYSTEMPATH\Common.php(1184): CodeIgniter\View\View->render('public/show_info', [], true)
 7 APPPATH\Controllers\VerificationController.php(94): view('public/show_info', [...])
 8 SYSTEMPATH\CodeIgniter.php(934): App\Controllers\VerificationController->instrunction('selected_info')
 9 SYSTEMPATH\CodeIgniter.php(499): CodeIgniter\CodeIgniter->runController(Object(App\Controllers\VerificationController))
10 SYSTEMPATH\CodeIgniter.php(368): CodeIgniter\CodeIgniter->handleRequest(null, Object(Config\Cache), false)
11 FCPATH\index.php(67): CodeIgniter\CodeIgniter->run()
12 SYSTEMPATH\Commands\Server\rewrite.php(47): require_once('C:\\Users\\pythagoras\\Desktop\\htdocs\\marriage\\public\\index.php')
CRITICAL - 2025-10-16 21:22:40 --> Invalid file: "partials/not_available_info.php"
in SYSTEMPATH\Exceptions\FrameworkException.php on line 33.
 1 SYSTEMPATH\View\View.php(201): CodeIgniter\Exceptions\FrameworkException::forInvalidFile('partials/not_available_info.php')
 2 SYSTEMPATH\View\View.php(431): CodeIgniter\View\View->render('partials/not_available_info', null, true)
 3 APPPATH\Views\public\show_info.php(10): CodeIgniter\View\View->include('partials/not_available_info')
 4 SYSTEMPATH\View\View.php(213): include('C:\\Users\\pythagoras\\Desktop\\htdocs\\marriage\\app\\Views\\public\\show_info.php')
 5 SYSTEMPATH\View\View.php(216): CodeIgniter\View\View->CodeIgniter\View\{closure}()
 6 SYSTEMPATH\Common.php(1184): CodeIgniter\View\View->render('public/show_info', [], true)
 7 APPPATH\Controllers\VerificationController.php(94): view('public/show_info', [...])
 8 SYSTEMPATH\CodeIgniter.php(934): App\Controllers\VerificationController->instrunction('selected_info')
 9 SYSTEMPATH\CodeIgniter.php(499): CodeIgniter\CodeIgniter->runController(Object(App\Controllers\VerificationController))
10 SYSTEMPATH\CodeIgniter.php(368): CodeIgniter\CodeIgniter->handleRequest(null, Object(Config\Cache), false)
11 FCPATH\index.php(67): CodeIgniter\CodeIgniter->run()
12 SYSTEMPATH\Commands\Server\rewrite.php(47): require_once('C:\\Users\\pythagoras\\Desktop\\htdocs\\marriage\\public\\index.php')
CRITICAL - 2025-10-16 21:23:12 --> Invalid file: "partials/marriage_cert_info.php"
in SYSTEMPATH\Exceptions\FrameworkException.php on line 33.
 1 SYSTEMPATH\View\View.php(201): CodeIgniter\Exceptions\FrameworkException::forInvalidFile('partials/marriage_cert_info.php')
 2 SYSTEMPATH\View\View.php(431): CodeIgniter\View\View->render('partials/marriage_cert_info', null, true)
 3 APPPATH\Views\public\show_info.php(10): CodeIgniter\View\View->include('partials/marriage_cert_info')
 4 SYSTEMPATH\View\View.php(213): include('C:\\Users\\pythagoras\\Desktop\\htdocs\\marriage\\app\\Views\\public\\show_info.php')
 5 SYSTEMPATH\View\View.php(216): CodeIgniter\View\View->CodeIgniter\View\{closure}()
 6 SYSTEMPATH\Common.php(1184): CodeIgniter\View\View->render('public/show_info', [], true)
 7 APPPATH\Controllers\VerificationController.php(94): view('public/show_info', [...])
 8 SYSTEMPATH\CodeIgniter.php(934): App\Controllers\VerificationController->instrunction('marriage_cert_info')
 9 SYSTEMPATH\CodeIgniter.php(499): CodeIgniter\CodeIgniter->runController(Object(App\Controllers\VerificationController))
10 SYSTEMPATH\CodeIgniter.php(368): CodeIgniter\CodeIgniter->handleRequest(null, Object(Config\Cache), false)
11 FCPATH\index.php(67): CodeIgniter\CodeIgniter->run()
12 SYSTEMPATH\Commands\Server\rewrite.php(47): require_once('C:\\Users\\pythagoras\\Desktop\\htdocs\\marriage\\public\\index.php')
CRITICAL - 2025-10-16 21:24:03 --> include(partials/marriage_cert_info): Failed to open stream: No such file or directory
in APPPATH\Views\public\show_info.php on line 10.
 1 APPPATH\Views\public\show_info.php(10): CodeIgniter\Debug\Exceptions->errorHandler(2, 'include(partials/marriage_cert_info): Failed to open stream: No such file or directory', 'C:\\Users\\pythagoras\\Desktop\\htdocs\\marriage\\app\\Views\\public\\show_info.php', 10)
 2 APPPATH\Views\public\show_info.php(10): include()
 3 SYSTEMPATH\View\View.php(213): include('C:\\Users\\pythagoras\\Desktop\\htdocs\\marriage\\app\\Views\\public\\show_info.php')
 4 SYSTEMPATH\View\View.php(216): CodeIgniter\View\View->CodeIgniter\View\{closure}()
 5 SYSTEMPATH\Common.php(1184): CodeIgniter\View\View->render('public/show_info', [], true)
 6 APPPATH\Controllers\VerificationController.php(94): view('public/show_info', [...])
 7 SYSTEMPATH\CodeIgniter.php(934): App\Controllers\VerificationController->instrunction('marriage_cert_info')
 8 SYSTEMPATH\CodeIgniter.php(499): CodeIgniter\CodeIgniter->runController(Object(App\Controllers\VerificationController))
 9 SYSTEMPATH\CodeIgniter.php(368): CodeIgniter\CodeIgniter->handleRequest(null, Object(Config\Cache), false)
10 FCPATH\index.php(67): CodeIgniter\CodeIgniter->run()
11 SYSTEMPATH\Commands\Server\rewrite.php(47): require_once('C:\\Users\\pythagoras\\Desktop\\htdocs\\marriage\\public\\index.php')
CRITICAL - 2025-10-16 21:25:14 --> include(public/partials/marriage_cert_info): Failed to open stream: No such file or directory
in APPPATH\Views\public\show_info.php on line 10.
 1 APPPATH\Views\public\show_info.php(10): CodeIgniter\Debug\Exceptions->errorHandler(2, 'include(public/partials/marriage_cert_info): Failed to open stream: No such file or directory', 'C:\\Users\\pythagoras\\Desktop\\htdocs\\marriage\\app\\Views\\public\\show_info.php', 10)
 2 APPPATH\Views\public\show_info.php(10): include()
 3 SYSTEMPATH\View\View.php(213): include('C:\\Users\\pythagoras\\Desktop\\htdocs\\marriage\\app\\Views\\public\\show_info.php')
 4 SYSTEMPATH\View\View.php(216): CodeIgniter\View\View->CodeIgniter\View\{closure}()
 5 SYSTEMPATH\Common.php(1184): CodeIgniter\View\View->render('public/show_info', [], true)
 6 APPPATH\Controllers\VerificationController.php(94): view('public/show_info', [...])
 7 SYSTEMPATH\CodeIgniter.php(934): App\Controllers\VerificationController->instrunction('marriage_cert_info')
 8 SYSTEMPATH\CodeIgniter.php(499): CodeIgniter\CodeIgniter->runController(Object(App\Controllers\VerificationController))
 9 SYSTEMPATH\CodeIgniter.php(368): CodeIgniter\CodeIgniter->handleRequest(null, Object(Config\Cache), false)
10 FCPATH\index.php(67): CodeIgniter\CodeIgniter->run()
11 SYSTEMPATH\Commands\Server\rewrite.php(47): require_once('C:\\Users\\pythagoras\\Desktop\\htdocs\\marriage\\public\\index.php')
CRITICAL - 2025-10-16 21:27:03 --> include(public/partials/marriage_cert_info): Failed to open stream: No such file or directory
in APPPATH\Views\public\show_info.php on line 10.
 1 APPPATH\Views\public\show_info.php(10): CodeIgniter\Debug\Exceptions->errorHandler(2, 'include(public/partials/marriage_cert_info): Failed to open stream: No such file or directory', 'C:\\Users\\pythagoras\\Desktop\\htdocs\\marriage\\app\\Views\\public\\show_info.php', 10)
 2 APPPATH\Views\public\show_info.php(10): include()
 3 SYSTEMPATH\View\View.php(213): include('C:\\Users\\pythagoras\\Desktop\\htdocs\\marriage\\app\\Views\\public\\show_info.php')
 4 SYSTEMPATH\View\View.php(216): CodeIgniter\View\View->CodeIgniter\View\{closure}()
 5 SYSTEMPATH\Common.php(1184): CodeIgniter\View\View->render('public/show_info', [], true)
 6 APPPATH\Controllers\VerificationController.php(94): view('public/show_info', [...])
 7 SYSTEMPATH\CodeIgniter.php(934): App\Controllers\VerificationController->instrunction('marriage_cert_info')
 8 SYSTEMPATH\CodeIgniter.php(499): CodeIgniter\CodeIgniter->runController(Object(App\Controllers\VerificationController))
 9 SYSTEMPATH\CodeIgniter.php(368): CodeIgniter\CodeIgniter->handleRequest(null, Object(Config\Cache), false)
10 FCPATH\index.php(67): CodeIgniter\CodeIgniter->run()
11 SYSTEMPATH\Commands\Server\rewrite.php(47): require_once('C:\\Users\\pythagoras\\Desktop\\htdocs\\marriage\\public\\index.php')
CRITICAL - 2025-10-16 21:29:32 --> syntax error, unexpected token "endif", expecting end of file
in APPPATH\Views\public\show_info.php on line 35.
 1 SYSTEMPATH\View\View.php(216): CodeIgniter\View\View->CodeIgniter\View\{closure}()
 2 SYSTEMPATH\Common.php(1184): CodeIgniter\View\View->render('public/show_info', [], true)
 3 APPPATH\Controllers\VerificationController.php(94): view('public/show_info', [...])
 4 SYSTEMPATH\CodeIgniter.php(934): App\Controllers\VerificationController->instrunction('marriage_cert_info')
 5 SYSTEMPATH\CodeIgniter.php(499): CodeIgniter\CodeIgniter->runController(Object(App\Controllers\VerificationController))
 6 SYSTEMPATH\CodeIgniter.php(368): CodeIgniter\CodeIgniter->handleRequest(null, Object(Config\Cache), false)
 7 FCPATH\index.php(67): CodeIgniter\CodeIgniter->run()
 8 SYSTEMPATH\Commands\Server\rewrite.php(47): require_once('C:\\Users\\pythagoras\\Desktop\\htdocs\\marriage\\public\\index.php')
WARNING - 2025-10-16 21:47:42 --> [DEPRECATED] strip_tags(): Passing null to parameter #1 ($string) of type string is deprecated in APPPATH\Controllers\VerificationController.php on line 37.
 1 APPPATH\Controllers\VerificationController.php(37): strip_tags(null)
 2 SYSTEMPATH\CodeIgniter.php(934): App\Controllers\VerificationController->index()
 3 SYSTEMPATH\CodeIgniter.php(499): CodeIgniter\CodeIgniter->runController(Object(App\Controllers\VerificationController))
 4 SYSTEMPATH\CodeIgniter.php(368): CodeIgniter\CodeIgniter->handleRequest(null, Object(Config\Cache), false)
 5 FCPATH\index.php(67): CodeIgniter\CodeIgniter->run()
 6 SYSTEMPATH\Commands\Server\rewrite.php(47): require_once('C:\\Users\\pythagoras\\Desktop\\htdocs\\marriage\\public\\index.php')
WARNING - 2025-10-16 21:47:42 --> [DEPRECATED] strip_tags(): Passing null to parameter #1 ($string) of type string is deprecated in APPPATH\Controllers\VerificationController.php on line 38.
 1 APPPATH\Controllers\VerificationController.php(38): strip_tags(null)
 2 SYSTEMPATH\CodeIgniter.php(934): App\Controllers\VerificationController->index()
 3 SYSTEMPATH\CodeIgniter.php(499): CodeIgniter\CodeIgniter->runController(Object(App\Controllers\VerificationController))
 4 SYSTEMPATH\CodeIgniter.php(368): CodeIgniter\CodeIgniter->handleRequest(null, Object(Config\Cache), false)
 5 FCPATH\index.php(67): CodeIgniter\CodeIgniter->run()
 6 SYSTEMPATH\Commands\Server\rewrite.php(47): require_once('C:\\Users\\pythagoras\\Desktop\\htdocs\\marriage\\public\\index.php')
CRITICAL - 2025-10-16 21:56:39 --> include(C:\Users\pythagoras\Desktop\htdocs\marriage\app\Views/public/partials/divorce_cert_info.php): Failed to open stream: No such file or directory
in APPPATH\Views\public\show_info.php on line 10.
 1 APPPATH\Views\public\show_info.php(10): CodeIgniter\Debug\Exceptions->errorHandler(2, 'include(C:\\Users\\pythagoras\\Desktop\\htdocs\\marriage\\app\\Views/public/partials/divorce_cert_info.php): Failed to open stream: No such file or directory', 'C:\\Users\\pythagoras\\Desktop\\htdocs\\marriage\\app\\Views\\public\\show_info.php', 10)
 2 APPPATH\Views\public\show_info.php(10): include()
 3 SYSTEMPATH\View\View.php(213): include('C:\\Users\\pythagoras\\Desktop\\htdocs\\marriage\\app\\Views\\public\\show_info.php')
 4 SYSTEMPATH\View\View.php(216): CodeIgniter\View\View->CodeIgniter\View\{closure}()
 5 SYSTEMPATH\Common.php(1184): CodeIgniter\View\View->render('public/show_info', [], true)
 6 APPPATH\Controllers\VerificationController.php(94): view('public/show_info', [...])
 7 SYSTEMPATH\CodeIgniter.php(934): App\Controllers\VerificationController->instrunction('divorce_cert_info')
 8 SYSTEMPATH\CodeIgniter.php(499): CodeIgniter\CodeIgniter->runController(Object(App\Controllers\VerificationController))
 9 SYSTEMPATH\CodeIgniter.php(368): CodeIgniter\CodeIgniter->handleRequest(null, Object(Config\Cache), false)
10 FCPATH\index.php(67): CodeIgniter\CodeIgniter->run()
11 SYSTEMPATH\Commands\Server\rewrite.php(47): require_once('C:\\Users\\pythagoras\\Desktop\\htdocs\\marriage\\public\\index.php')
CRITICAL - 2025-10-16 21:57:19 --> include(C:\Users\pythagoras\Desktop\htdocs\marriage\app\Views/public/partials/divorce_cert_info.php): Failed to open stream: No such file or directory
in APPPATH\Views\public\show_info.php on line 10.
 1 APPPATH\Views\public\show_info.php(10): CodeIgniter\Debug\Exceptions->errorHandler(2, 'include(C:\\Users\\pythagoras\\Desktop\\htdocs\\marriage\\app\\Views/public/partials/divorce_cert_info.php): Failed to open stream: No such file or directory', 'C:\\Users\\pythagoras\\Desktop\\htdocs\\marriage\\app\\Views\\public\\show_info.php', 10)
 2 APPPATH\Views\public\show_info.php(10): include()
 3 SYSTEMPATH\View\View.php(213): include('C:\\Users\\pythagoras\\Desktop\\htdocs\\marriage\\app\\Views\\public\\show_info.php')
 4 SYSTEMPATH\View\View.php(216): CodeIgniter\View\View->CodeIgniter\View\{closure}()
 5 SYSTEMPATH\Common.php(1184): CodeIgniter\View\View->render('public/show_info', [], true)
 6 APPPATH\Controllers\VerificationController.php(94): view('public/show_info', [...])
 7 SYSTEMPATH\CodeIgniter.php(934): App\Controllers\VerificationController->instrunction('divorce_cert_info')
 8 SYSTEMPATH\CodeIgniter.php(499): CodeIgniter\CodeIgniter->runController(Object(App\Controllers\VerificationController))
 9 SYSTEMPATH\CodeIgniter.php(368): CodeIgniter\CodeIgniter->handleRequest(null, Object(Config\Cache), false)
10 FCPATH\index.php(67): CodeIgniter\CodeIgniter->run()
11 SYSTEMPATH\Commands\Server\rewrite.php(47): require_once('C:\\Users\\pythagoras\\Desktop\\htdocs\\marriage\\public\\index.php')
CRITICAL - 2025-10-16 21:57:30 --> include(C:\Users\pythagoras\Desktop\htdocs\marriage\app\Views/public/partials/divorce_cert_info.php): Failed to open stream: No such file or directory
in APPPATH\Views\public\show_info.php on line 10.
 1 APPPATH\Views\public\show_info.php(10): CodeIgniter\Debug\Exceptions->errorHandler(2, 'include(C:\\Users\\pythagoras\\Desktop\\htdocs\\marriage\\app\\Views/public/partials/divorce_cert_info.php): Failed to open stream: No such file or directory', 'C:\\Users\\pythagoras\\Desktop\\htdocs\\marriage\\app\\Views\\public\\show_info.php', 10)
 2 APPPATH\Views\public\show_info.php(10): include()
 3 SYSTEMPATH\View\View.php(213): include('C:\\Users\\pythagoras\\Desktop\\htdocs\\marriage\\app\\Views\\public\\show_info.php')
 4 SYSTEMPATH\View\View.php(216): CodeIgniter\View\View->CodeIgniter\View\{closure}()
 5 SYSTEMPATH\Common.php(1184): CodeIgniter\View\View->render('public/show_info', [], true)
 6 APPPATH\Controllers\VerificationController.php(94): view('public/show_info', [...])
 7 SYSTEMPATH\CodeIgniter.php(934): App\Controllers\VerificationController->instrunction('divorce_cert_info')
 8 SYSTEMPATH\CodeIgniter.php(499): CodeIgniter\CodeIgniter->runController(Object(App\Controllers\VerificationController))
 9 SYSTEMPATH\CodeIgniter.php(368): CodeIgniter\CodeIgniter->handleRequest(null, Object(Config\Cache), false)
10 FCPATH\index.php(67): CodeIgniter\CodeIgniter->run()
11 SYSTEMPATH\Commands\Server\rewrite.php(47): require_once('C:\\Users\\pythagoras\\Desktop\\htdocs\\marriage\\public\\index.php')
CRITICAL - 2025-10-16 21:58:35 --> include(C:\Users\pythagoras\Desktop\htdocs\marriage\app\Views/public/partials/divorce_cert_info.php): Failed to open stream: No such file or directory
in APPPATH\Views\public\show_info.php on line 10.
 1 APPPATH\Views\public\show_info.php(10): CodeIgniter\Debug\Exceptions->errorHandler(2, 'include(C:\\Users\\pythagoras\\Desktop\\htdocs\\marriage\\app\\Views/public/partials/divorce_cert_info.php): Failed to open stream: No such file or directory', 'C:\\Users\\pythagoras\\Desktop\\htdocs\\marriage\\app\\Views\\public\\show_info.php', 10)
 2 APPPATH\Views\public\show_info.php(10): include()
 3 SYSTEMPATH\View\View.php(213): include('C:\\Users\\pythagoras\\Desktop\\htdocs\\marriage\\app\\Views\\public\\show_info.php')
 4 SYSTEMPATH\View\View.php(216): CodeIgniter\View\View->CodeIgniter\View\{closure}()
 5 SYSTEMPATH\Common.php(1184): CodeIgniter\View\View->render('public/show_info', [], true)
 6 APPPATH\Controllers\VerificationController.php(94): view('public/show_info', [...])
 7 SYSTEMPATH\CodeIgniter.php(934): App\Controllers\VerificationController->instrunction('divorce_cert_info')
 8 SYSTEMPATH\CodeIgniter.php(499): CodeIgniter\CodeIgniter->runController(Object(App\Controllers\VerificationController))
 9 SYSTEMPATH\CodeIgniter.php(368): CodeIgniter\CodeIgniter->handleRequest(null, Object(Config\Cache), false)
10 FCPATH\index.php(67): CodeIgniter\CodeIgniter->run()
11 SYSTEMPATH\Commands\Server\rewrite.php(47): require_once('C:\\Users\\pythagoras\\Desktop\\htdocs\\marriage\\public\\index.php')
CRITICAL - 2025-10-16 21:58:38 --> include(C:\Users\pythagoras\Desktop\htdocs\marriage\app\Views/public/partials/divorce_cert_info.php): Failed to open stream: No such file or directory
in APPPATH\Views\public\show_info.php on line 10.
 1 APPPATH\Views\public\show_info.php(10): CodeIgniter\Debug\Exceptions->errorHandler(2, 'include(C:\\Users\\pythagoras\\Desktop\\htdocs\\marriage\\app\\Views/public/partials/divorce_cert_info.php): Failed to open stream: No such file or directory', 'C:\\Users\\pythagoras\\Desktop\\htdocs\\marriage\\app\\Views\\public\\show_info.php', 10)
 2 APPPATH\Views\public\show_info.php(10): include()
 3 SYSTEMPATH\View\View.php(213): include('C:\\Users\\pythagoras\\Desktop\\htdocs\\marriage\\app\\Views\\public\\show_info.php')
 4 SYSTEMPATH\View\View.php(216): CodeIgniter\View\View->CodeIgniter\View\{closure}()
 5 SYSTEMPATH\Common.php(1184): CodeIgniter\View\View->render('public/show_info', [], true)
 6 APPPATH\Controllers\VerificationController.php(94): view('public/show_info', [...])
 7 SYSTEMPATH\CodeIgniter.php(934): App\Controllers\VerificationController->instrunction('divorce_cert_info')
 8 SYSTEMPATH\CodeIgniter.php(499): CodeIgniter\CodeIgniter->runController(Object(App\Controllers\VerificationController))
 9 SYSTEMPATH\CodeIgniter.php(368): CodeIgniter\CodeIgniter->handleRequest(null, Object(Config\Cache), false)
10 FCPATH\index.php(67): CodeIgniter\CodeIgniter->run()
11 SYSTEMPATH\Commands\Server\rewrite.php(47): require_once('C:\\Users\\pythagoras\\Desktop\\htdocs\\marriage\\public\\index.php')
CRITICAL - 2025-10-16 22:02:32 --> include(C:\Users\pythagoras\Desktop\htdocs\marriage\app\Views/public/partials/divorce_cert_info.php): Failed to open stream: No such file or directory
in APPPATH\Views\public\show_info.php on line 10.
 1 APPPATH\Views\public\show_info.php(10): CodeIgniter\Debug\Exceptions->errorHandler(2, 'include(C:\\Users\\pythagoras\\Desktop\\htdocs\\marriage\\app\\Views/public/partials/divorce_cert_info.php): Failed to open stream: No such file or directory', 'C:\\Users\\pythagoras\\Desktop\\htdocs\\marriage\\app\\Views\\public\\show_info.php', 10)
 2 APPPATH\Views\public\show_info.php(10): include()
 3 SYSTEMPATH\View\View.php(213): include('C:\\Users\\pythagoras\\Desktop\\htdocs\\marriage\\app\\Views\\public\\show_info.php')
 4 SYSTEMPATH\View\View.php(216): CodeIgniter\View\View->CodeIgniter\View\{closure}()
 5 SYSTEMPATH\Common.php(1184): CodeIgniter\View\View->render('public/show_info', [], true)
 6 APPPATH\Controllers\VerificationController.php(94): view('public/show_info', [...])
 7 SYSTEMPATH\CodeIgniter.php(934): App\Controllers\VerificationController->instrunction('divorce_cert_info')
 8 SYSTEMPATH\CodeIgniter.php(499): CodeIgniter\CodeIgniter->runController(Object(App\Controllers\VerificationController))
 9 SYSTEMPATH\CodeIgniter.php(368): CodeIgniter\CodeIgniter->handleRequest(null, Object(Config\Cache), false)
10 FCPATH\index.php(67): CodeIgniter\CodeIgniter->run()
11 SYSTEMPATH\Commands\Server\rewrite.php(47): require_once('C:\\Users\\pythagoras\\Desktop\\htdocs\\marriage\\public\\index.php')
CRITICAL - 2025-10-16 22:34:20 --> include(C:\Users\pythagoras\Desktop\htdocs\marriage\app\Views/public/partials/divorce_cert_info.php): Failed to open stream: No such file or directory
in APPPATH\Views\public\show_info.php on line 10.
 1 APPPATH\Views\public\show_info.php(10): CodeIgniter\Debug\Exceptions->errorHandler(2, 'include(C:\\Users\\pythagoras\\Desktop\\htdocs\\marriage\\app\\Views/public/partials/divorce_cert_info.php): Failed to open stream: No such file or directory', 'C:\\Users\\pythagoras\\Desktop\\htdocs\\marriage\\app\\Views\\public\\show_info.php', 10)
 2 APPPATH\Views\public\show_info.php(10): include()
 3 SYSTEMPATH\View\View.php(213): include('C:\\Users\\pythagoras\\Desktop\\htdocs\\marriage\\app\\Views\\public\\show_info.php')
 4 SYSTEMPATH\View\View.php(216): CodeIgniter\View\View->CodeIgniter\View\{closure}()
 5 SYSTEMPATH\Common.php(1184): CodeIgniter\View\View->render('public/show_info', [], true)
 6 APPPATH\Controllers\VerificationController.php(94): view('public/show_info', [...])
 7 SYSTEMPATH\CodeIgniter.php(934): App\Controllers\VerificationController->instrunction('divorce_cert_info')
 8 SYSTEMPATH\CodeIgniter.php(499): CodeIgniter\CodeIgniter->runController(Object(App\Controllers\VerificationController))
 9 SYSTEMPATH\CodeIgniter.php(368): CodeIgniter\CodeIgniter->handleRequest(null, Object(Config\Cache), false)
10 FCPATH\index.php(67): CodeIgniter\CodeIgniter->run()
11 SYSTEMPATH\Commands\Server\rewrite.php(47): require_once('C:\\Users\\pythagoras\\Desktop\\htdocs\\marriage\\public\\index.php')
CRITICAL - 2025-10-16 22:34:42 --> include(C:\Users\pythagoras\Desktop\htdocs\marriage\app\Views/public/partials/divorce_cert_info.php): Failed to open stream: No such file or directory
in APPPATH\Views\public\show_info.php on line 10.
 1 APPPATH\Views\public\show_info.php(10): CodeIgniter\Debug\Exceptions->errorHandler(2, 'include(C:\\Users\\pythagoras\\Desktop\\htdocs\\marriage\\app\\Views/public/partials/divorce_cert_info.php): Failed to open stream: No such file or directory', 'C:\\Users\\pythagoras\\Desktop\\htdocs\\marriage\\app\\Views\\public\\show_info.php', 10)
 2 APPPATH\Views\public\show_info.php(10): include()
 3 SYSTEMPATH\View\View.php(213): include('C:\\Users\\pythagoras\\Desktop\\htdocs\\marriage\\app\\Views\\public\\show_info.php')
 4 SYSTEMPATH\View\View.php(216): CodeIgniter\View\View->CodeIgniter\View\{closure}()
 5 SYSTEMPATH\Common.php(1184): CodeIgniter\View\View->render('public/show_info', [], true)
 6 APPPATH\Controllers\VerificationController.php(94): view('public/show_info', [...])
 7 SYSTEMPATH\CodeIgniter.php(934): App\Controllers\VerificationController->instrunction('divorce_cert_info')
 8 SYSTEMPATH\CodeIgniter.php(499): CodeIgniter\CodeIgniter->runController(Object(App\Controllers\VerificationController))
 9 SYSTEMPATH\CodeIgniter.php(368): CodeIgniter\CodeIgniter->handleRequest(null, Object(Config\Cache), false)
10 FCPATH\index.php(67): CodeIgniter\CodeIgniter->run()
11 SYSTEMPATH\Commands\Server\rewrite.php(47): require_once('C:\\Users\\pythagoras\\Desktop\\htdocs\\marriage\\public\\index.php')
CRITICAL - 2025-10-16 22:35:35 --> include(C:\Users\pythagoras\Desktop\htdocs\marriage\app\Views/public/partials/divorce_cert_info.php): Failed to open stream: No such file or directory
in APPPATH\Views\public\show_info.php on line 10.
 1 APPPATH\Views\public\show_info.php(10): CodeIgniter\Debug\Exceptions->errorHandler(2, 'include(C:\\Users\\pythagoras\\Desktop\\htdocs\\marriage\\app\\Views/public/partials/divorce_cert_info.php): Failed to open stream: No such file or directory', 'C:\\Users\\pythagoras\\Desktop\\htdocs\\marriage\\app\\Views\\public\\show_info.php', 10)
 2 APPPATH\Views\public\show_info.php(10): include()
 3 SYSTEMPATH\View\View.php(213): include('C:\\Users\\pythagoras\\Desktop\\htdocs\\marriage\\app\\Views\\public\\show_info.php')
 4 SYSTEMPATH\View\View.php(216): CodeIgniter\View\View->CodeIgniter\View\{closure}()
 5 SYSTEMPATH\Common.php(1184): CodeIgniter\View\View->render('public/show_info', [], true)
 6 APPPATH\Controllers\VerificationController.php(94): view('public/show_info', [...])
 7 SYSTEMPATH\CodeIgniter.php(934): App\Controllers\VerificationController->instrunction('divorce_cert_info')
 8 SYSTEMPATH\CodeIgniter.php(499): CodeIgniter\CodeIgniter->runController(Object(App\Controllers\VerificationController))
 9 SYSTEMPATH\CodeIgniter.php(368): CodeIgniter\CodeIgniter->handleRequest(null, Object(Config\Cache), false)
10 FCPATH\index.php(67): CodeIgniter\CodeIgniter->run()
11 SYSTEMPATH\Commands\Server\rewrite.php(47): require_once('C:\\Users\\pythagoras\\Desktop\\htdocs\\marriage\\public\\index.php')
CRITICAL - 2025-10-16 22:36:17 --> include(C:\Users\pythagoras\Desktop\htdocs\marriage\app\Views/public/partials/divorce_cert_info.php): Failed to open stream: No such file or directory
in APPPATH\Views\public\show_info.php on line 10.
 1 APPPATH\Views\public\show_info.php(10): CodeIgniter\Debug\Exceptions->errorHandler(2, 'include(C:\\Users\\pythagoras\\Desktop\\htdocs\\marriage\\app\\Views/public/partials/divorce_cert_info.php): Failed to open stream: No such file or directory', 'C:\\Users\\pythagoras\\Desktop\\htdocs\\marriage\\app\\Views\\public\\show_info.php', 10)
 2 APPPATH\Views\public\show_info.php(10): include()
 3 SYSTEMPATH\View\View.php(213): include('C:\\Users\\pythagoras\\Desktop\\htdocs\\marriage\\app\\Views\\public\\show_info.php')
 4 SYSTEMPATH\View\View.php(216): CodeIgniter\View\View->CodeIgniter\View\{closure}()
 5 SYSTEMPATH\Common.php(1184): CodeIgniter\View\View->render('public/show_info', [], true)
 6 APPPATH\Controllers\VerificationController.php(94): view('public/show_info', [...])
 7 SYSTEMPATH\CodeIgniter.php(934): App\Controllers\VerificationController->instrunction('divorce_cert_info')
 8 SYSTEMPATH\CodeIgniter.php(499): CodeIgniter\CodeIgniter->runController(Object(App\Controllers\VerificationController))
 9 SYSTEMPATH\CodeIgniter.php(368): CodeIgniter\CodeIgniter->handleRequest(null, Object(Config\Cache), false)
10 FCPATH\index.php(67): CodeIgniter\CodeIgniter->run()
11 SYSTEMPATH\Commands\Server\rewrite.php(47): require_once('C:\\Users\\pythagoras\\Desktop\\htdocs\\marriage\\public\\index.php')
CRITICAL - 2025-10-16 22:36:30 --> include(C:\Users\pythagoras\Desktop\htdocs\marriage\app\Views/public/partials/divorce_cert_info.php): Failed to open stream: No such file or directory
in APPPATH\Views\public\show_info.php on line 10.
 1 APPPATH\Views\public\show_info.php(10): CodeIgniter\Debug\Exceptions->errorHandler(2, 'include(C:\\Users\\pythagoras\\Desktop\\htdocs\\marriage\\app\\Views/public/partials/divorce_cert_info.php): Failed to open stream: No such file or directory', 'C:\\Users\\pythagoras\\Desktop\\htdocs\\marriage\\app\\Views\\public\\show_info.php', 10)
 2 APPPATH\Views\public\show_info.php(10): include()
 3 SYSTEMPATH\View\View.php(213): include('C:\\Users\\pythagoras\\Desktop\\htdocs\\marriage\\app\\Views\\public\\show_info.php')
 4 SYSTEMPATH\View\View.php(216): CodeIgniter\View\View->CodeIgniter\View\{closure}()
 5 SYSTEMPATH\Common.php(1184): CodeIgniter\View\View->render('public/show_info', [], true)
 6 APPPATH\Controllers\VerificationController.php(94): view('public/show_info', [...])
 7 SYSTEMPATH\CodeIgniter.php(934): App\Controllers\VerificationController->instrunction('divorce_cert_info')
 8 SYSTEMPATH\CodeIgniter.php(499): CodeIgniter\CodeIgniter->runController(Object(App\Controllers\VerificationController))
 9 SYSTEMPATH\CodeIgniter.php(368): CodeIgniter\CodeIgniter->handleRequest(null, Object(Config\Cache), false)
10 FCPATH\index.php(67): CodeIgniter\CodeIgniter->run()
11 SYSTEMPATH\Commands\Server\rewrite.php(47): require_once('C:\\Users\\pythagoras\\Desktop\\htdocs\\marriage\\public\\index.php')
WARNING - 2025-10-16 22:42:59 --> [DEPRECATED] strip_tags(): Passing null to parameter #1 ($string) of type string is deprecated in APPPATH\Controllers\VerificationController.php on line 37.
 1 APPPATH\Controllers\VerificationController.php(37): strip_tags(null)
 2 SYSTEMPATH\CodeIgniter.php(934): App\Controllers\VerificationController->index()
 3 SYSTEMPATH\CodeIgniter.php(499): CodeIgniter\CodeIgniter->runController(Object(App\Controllers\VerificationController))
 4 SYSTEMPATH\CodeIgniter.php(368): CodeIgniter\CodeIgniter->handleRequest(null, Object(Config\Cache), false)
 5 FCPATH\index.php(67): CodeIgniter\CodeIgniter->run()
 6 SYSTEMPATH\Commands\Server\rewrite.php(47): require_once('C:\\Users\\pythagoras\\Desktop\\htdocs\\marriage\\public\\index.php')
WARNING - 2025-10-16 22:42:59 --> [DEPRECATED] strip_tags(): Passing null to parameter #1 ($string) of type string is deprecated in APPPATH\Controllers\VerificationController.php on line 38.
 1 APPPATH\Controllers\VerificationController.php(38): strip_tags(null)
 2 SYSTEMPATH\CodeIgniter.php(934): App\Controllers\VerificationController->index()
 3 SYSTEMPATH\CodeIgniter.php(499): CodeIgniter\CodeIgniter->runController(Object(App\Controllers\VerificationController))
 4 SYSTEMPATH\CodeIgniter.php(368): CodeIgniter\CodeIgniter->handleRequest(null, Object(Config\Cache), false)
 5 FCPATH\index.php(67): CodeIgniter\CodeIgniter->run()
 6 SYSTEMPATH\Commands\Server\rewrite.php(47): require_once('C:\\Users\\pythagoras\\Desktop\\htdocs\\marriage\\public\\index.php')
WARNING - 2025-10-16 23:29:55 --> [DEPRECATED] strip_tags(): Passing null to parameter #1 ($string) of type string is deprecated in APPPATH\Controllers\VerificationController.php on line 37.
 1 APPPATH\Controllers\VerificationController.php(37): strip_tags(null)
 2 SYSTEMPATH\CodeIgniter.php(934): App\Controllers\VerificationController->index()
 3 SYSTEMPATH\CodeIgniter.php(499): CodeIgniter\CodeIgniter->runController(Object(App\Controllers\VerificationController))
 4 SYSTEMPATH\CodeIgniter.php(368): CodeIgniter\CodeIgniter->handleRequest(null, Object(Config\Cache), false)
 5 FCPATH\index.php(67): CodeIgniter\CodeIgniter->run()
 6 SYSTEMPATH\Commands\Server\rewrite.php(47): require_once('C:\\Users\\pythagoras\\Desktop\\htdocs\\marriage\\public\\index.php')
WARNING - 2025-10-16 23:29:55 --> [DEPRECATED] strip_tags(): Passing null to parameter #1 ($string) of type string is deprecated in APPPATH\Controllers\VerificationController.php on line 38.
 1 APPPATH\Controllers\VerificationController.php(38): strip_tags(null)
 2 SYSTEMPATH\CodeIgniter.php(934): App\Controllers\VerificationController->index()
 3 SYSTEMPATH\CodeIgniter.php(499): CodeIgniter\CodeIgniter->runController(Object(App\Controllers\VerificationController))
 4 SYSTEMPATH\CodeIgniter.php(368): CodeIgniter\CodeIgniter->handleRequest(null, Object(Config\Cache), false)
 5 FCPATH\index.php(67): CodeIgniter\CodeIgniter->run()
 6 SYSTEMPATH\Commands\Server\rewrite.php(47): require_once('C:\\Users\\pythagoras\\Desktop\\htdocs\\marriage\\public\\index.php')
